<?xml version="1.0" encoding="UTF-8"?>
<!-- Generated by org.testng.reporters.JUnitXMLReporter -->
<testsuite ignored="0" hostname="DESKTOP-J8R5P2R" failures="0" tests="3" name="Default test" time="13.893" errors="0" timestamp="2022-11-25T21:11:42 CST">
  <testcase classname="com.testNG.TestNgInteg" name="getMethod" time="9.868"/>
  <testcase classname="com.testNG.TestNgInteg" name="getMethodByAuthor" time="2.168"/>
  <testcase classname="com.testNG.TestNgInteg" name="postMethod" time="1.686"/>
</testsuite> <!-- Default test -->
