<?xml version="1.0" encoding="UTF-8"?>
<testng-results ignored="0" total="3" passed="3" failed="0" skipped="0">
  <reporter-output>
  </reporter-output>
  <suite started-at="2022-11-25T21:11:28 CST" name="Default suite" finished-at="2022-11-25T21:11:42 CST" duration-ms="13893">
    <groups>
    </groups>
    <test started-at="2022-11-25T21:11:28 CST" name="Default test" finished-at="2022-11-25T21:11:42 CST" duration-ms="13893">
      <class name="com.testNG.TestNgInteg">
        <test-method signature="getMethod()[pri:0, instance:com.testNG.TestNgInteg@7a419da4]" started-at="2022-11-25T21:11:28 CST" name="getMethod" finished-at="2022-11-25T21:11:38 CST" duration-ms="9868" status="PASS">
          <reporter-output>
          </reporter-output>
        </test-method> <!-- getMethod -->
        <test-method signature="getMethodByAuthor()[pri:0, instance:com.testNG.TestNgInteg@7a419da4]" started-at="2022-11-25T21:11:38 CST" name="getMethodByAuthor" finished-at="2022-11-25T21:11:40 CST" duration-ms="2168" status="PASS">
          <reporter-output>
          </reporter-output>
        </test-method> <!-- getMethodByAuthor -->
        <test-method signature="postMethod()[pri:0, instance:com.testNG.TestNgInteg@7a419da4]" started-at="2022-11-25T21:11:40 CST" name="postMethod" finished-at="2022-11-25T21:11:42 CST" duration-ms="1686" status="PASS">
          <reporter-output>
          </reporter-output>
        </test-method> <!-- postMethod -->
      </class> <!-- com.testNG.TestNgInteg -->
    </test> <!-- Default test -->
  </suite> <!-- Default suite -->
</testng-results>
